<?xml version="1.0" encoding="UTF-8"?>
<!-- Generated by org.testng.reporters.JUnitXMLReporter -->
<testsuite ignored="0" hostname="DESKTOP-L19PM1V" failures="0" tests="6" name="Test" time="0.05" errors="0" timestamp="2021-01-18T19:35:05 CET">
  <testcase classname="MavenTutorial.MavenJava.SeleniumTest" name="BrowserAutomation" time="0.004"/>
  <testcase classname="MavenTutorial.MavenJava.SeleniumTest" name="ElementsUi" time="0.0"/>
  <testcase classname="MavenTutorial.MavenJava.AppiumTest" name="IOSapps" time="0.001"/>
  <testcase classname="MavenTutorial.MavenJava.AppiumTest" name="NativeAppAndroid" time="0.0"/>
  <testcase classname="MavenTutorial.MavenJava.RESTAPITest" name="DeleteTwitter" time="0.0"/>
  <testcase classname="MavenTutorial.MavenJava.RESTAPITest" name="PostJira" time="0.0"/>
</testsuite> <!-- Test -->
