<?xml version="1.0" encoding="UTF-8"?>
<testng-results ignored="0" total="6" passed="6" failed="0" skipped="0">
  <reporter-output>
  </reporter-output>
  <suite started-at="2021-01-18T19:35:05 CET" name="Suite" finished-at="2021-01-18T19:35:05 CET" duration-ms="50">
    <groups>
    </groups>
    <test started-at="2021-01-18T19:35:05 CET" name="Test" finished-at="2021-01-18T19:35:05 CET" duration-ms="50">
      <class name="MavenTutorial.MavenJava.SeleniumTest">
        <test-method signature="BrowserAutomation()[pri:0, instance:MavenTutorial.MavenJava.SeleniumTest@236e3f4e]" started-at="2021-01-18T19:35:05 CET" name="BrowserAutomation" finished-at="2021-01-18T19:35:05 CET" duration-ms="4" status="PASS">
          <reporter-output>
          </reporter-output>
        </test-method> <!-- BrowserAutomation -->
        <test-method signature="ElementsUi()[pri:0, instance:MavenTutorial.MavenJava.SeleniumTest@236e3f4e]" started-at="2021-01-18T19:35:05 CET" name="ElementsUi" finished-at="2021-01-18T19:35:05 CET" duration-ms="0" status="PASS">
          <reporter-output>
          </reporter-output>
        </test-method> <!-- ElementsUi -->
      </class> <!-- MavenTutorial.MavenJava.SeleniumTest -->
      <class name="MavenTutorial.MavenJava.AppiumTest">
        <test-method signature="IOSapps()[pri:0, instance:MavenTutorial.MavenJava.AppiumTest@3cc1435c]" started-at="2021-01-18T19:35:05 CET" name="IOSapps" finished-at="2021-01-18T19:35:05 CET" duration-ms="1" status="PASS">
          <reporter-output>
          </reporter-output>
        </test-method> <!-- IOSapps -->
        <test-method signature="NativeAppAndroid()[pri:0, instance:MavenTutorial.MavenJava.AppiumTest@3cc1435c]" started-at="2021-01-18T19:35:05 CET" name="NativeAppAndroid" finished-at="2021-01-18T19:35:05 CET" duration-ms="0" status="PASS">
          <reporter-output>
          </reporter-output>
        </test-method> <!-- NativeAppAndroid -->
      </class> <!-- MavenTutorial.MavenJava.AppiumTest -->
      <class name="MavenTutorial.MavenJava.RESTAPITest">
        <test-method signature="DeleteTwitter()[pri:0, instance:MavenTutorial.MavenJava.RESTAPITest@6bf0219d]" started-at="2021-01-18T19:35:05 CET" name="DeleteTwitter" finished-at="2021-01-18T19:35:05 CET" duration-ms="0" status="PASS">
          <reporter-output>
          </reporter-output>
        </test-method> <!-- DeleteTwitter -->
        <test-method signature="PostJira()[pri:0, instance:MavenTutorial.MavenJava.RESTAPITest@6bf0219d]" started-at="2021-01-18T19:35:05 CET" name="PostJira" finished-at="2021-01-18T19:35:05 CET" duration-ms="0" status="PASS">
          <reporter-output>
          </reporter-output>
        </test-method> <!-- PostJira -->
      </class> <!-- MavenTutorial.MavenJava.RESTAPITest -->
    </test> <!-- Test -->
  </suite> <!-- Suite -->
</testng-results>
