<?xml version="1.0" encoding="UTF-8"?>
<testng-results ignored="0" total="2" passed="2" failed="0" skipped="0">
  <reporter-output>
  </reporter-output>
  <suite started-at="2021-01-18T16:39:52 CET" name="Default suite" finished-at="2021-01-18T16:39:52 CET" duration-ms="35">
    <groups>
    </groups>
    <test started-at="2021-01-18T16:39:52 CET" name="Default test" finished-at="2021-01-18T16:39:52 CET" duration-ms="35">
      <class name="MavenTutorial.MavenJava.RESTAPITest">
        <test-method signature="DeleteTwitter()[pri:0, instance:MavenTutorial.MavenJava.RESTAPITest@505fc5a4]" started-at="2021-01-18T16:39:52 CET" name="DeleteTwitter" finished-at="2021-01-18T16:39:52 CET" duration-ms="6" status="PASS">
          <reporter-output>
          </reporter-output>
        </test-method> <!-- DeleteTwitter -->
        <test-method signature="PostJira()[pri:0, instance:MavenTutorial.MavenJava.RESTAPITest@505fc5a4]" started-at="2021-01-18T16:39:52 CET" name="PostJira" finished-at="2021-01-18T16:39:52 CET" duration-ms="0" status="PASS">
          <reporter-output>
          </reporter-output>
        </test-method> <!-- PostJira -->
      </class> <!-- MavenTutorial.MavenJava.RESTAPITest -->
    </test> <!-- Default test -->
  </suite> <!-- Default suite -->
</testng-results>
